




<!DOCTYPE html>
<html>
<head>
	<meta charset='UTF-8' /> 
	<meta name='description' content='' />
	<meta name='robots' content='noodp, noydir' />
	<meta name='viewport' content='width=device-width, initial-scale=1' />
	<meta id="timeStampFormat" name="timeStampFormat" content='MMM d, yyyy hh:mm:ss a'/>
	
        <link href='http://fonts.googleapis.com/css?family=Source+Sans+Pro:400,600' rel='stylesheet' type='text/css' />
        <link href="http://fonts.googleapis.com/icon?family=Material+Icons" rel="stylesheet" />
        <link href='http://cdn.jsdelivr.net/gh/extent-framework/extent-github-cdn@ff53917fbbdb5ef820abbbe4d199a6942dc771ff/v3html/css/extent.css' type='text/css' rel='stylesheet' />
	
	<title></title>

	<style type='text/css'>
		/* json-tree */
		.jstBracket,.jstComma,.jstValue{white-space:pre-wrap}.jstValue{font-size:10px;font-weight:400;font-family:"Lucida Console",Monaco,monospace}.jstProperty{color:#666;word-wrap:break-word}.jstBool{color:#2525CC}.jstNum{color:#D036D0}.jstNull{color:gray}.jstStr{color:#2DB669}.jstFold:after{content:' -';cursor:pointer}.jstExpand{white-space:normal}.jstExpand:after{content:' +';cursor:pointer}.jstFolded{white-space:normal!important}.jstHiddenBlock{display:none}
			
	</style>
	
	<script type="text/javascript">
		/*! json-tree - v0.2.2 - 2017-09-25, MIT LICENSE */
		var JSONTree=function(){var n={"&":"&amp;","<":"&lt;",">":"&gt;",'"':"&quot;","'":"&#x27;","/":"&#x2F;"},t=0,r=0;this.create=function(n,t){return r+=1,N(u(n,0,!1),{class:"jstValue"})};var e=function(t){return t.replace(/[&<>'"]/g,function(t){return n[t]})},s=function(){return r+"_"+t++},u=function(n,t,r){if(null===n)return f(r?t:0);switch(typeof n){case"boolean":return l(n,r?t:0);case"number":return i(n,r?t:0);case"string":return o(n,r?t:0);default:return n instanceof Array?a(n,t,r):c(n,t,r)}},c=function(n,t,r){var e=s(),u=Object.keys(n).map(function(r){return j(r,n[r],t+1,!0)}).join(m()),c=[g("{",r?t:0,e),N(u,{id:e}),p("}",t)].join("\n");return N(c,{})},a=function(n,t,r){var e=s(),c=n.map(function(n){return u(n,t+1,!0)}).join(m());return[g("[",r?t:0,e),N(c,{id:e}),p("]",t)].join("\n")},o=function(n,t){var r=e(JSON.stringify(n));return N(v(r,t),{class:"jstStr"})},i=function(n,t){return N(v(n,t),{class:"jstNum"})},l=function(n,t){return N(v(n,t),{class:"jstBool"})},f=function(n){return N(v("null",n),{class:"jstNull"})},j=function(n,t,r){var s=v(e(JSON.stringify(n))+": ",r),c=N(u(t,r,!1),{});return N(s+c,{class:"jstProperty"})},m=function(){return N(",\n",{class:"jstComma"})},N=function(n,t){return d("span",t,n)},d=function(n,t,r){return"<"+n+Object.keys(t).map(function(n){return" "+n+'="'+t[n]+'"'}).join("")+">"+r+"</"+n+">"},g=function(n,t,r){return N(v(n,t),{class:"jstBracket"})+N("",{class:"jstFold",onclick:"JSONTree.toggle('"+r+"')"})};this.toggle=function(n){var t=document.getElementById(n),r=t.parentNode,e=t.previousElementSibling;""===t.className?(t.className="jstHiddenBlock",r.className="jstFolded",e.className="jstExpand"):(t.className="",r.className="",e.className="jstFold")};var p=function(n,t){return N(v(n,t),{})},v=function(n,t){return Array(2*t+1).join(" ")+n};return this}();
	</script>
</head>
	<body class='extent standard default hide-overflow bdd-report'>
		<div id='theme-selector' alt='Click to toggle theme. To enable by default, use theme configuration.' title='Click to toggle theme. To enable by default, use theme configuration.'>
			<span><i class='material-icons'>desktop_windows</i></span>
		</div>
<nav>
	<div class="nav-wrapper">
        <a href="#!" class="brand-logo black"><img src="http://cdn.jsdelivr.net/gh/extent-framework/extent-github-cdn@ff53917fbbdb5ef820abbbe4d199a6942dc771ff/commons/img/logo.png"></a>
		<!-- slideout menu -->
		<ul id='slide-out' class='side-nav fixed hide-on-med-and-down'>
			<li class='waves-effect active'><a href='#!' view='test-view' onclick="configureView(0);chartsView('test');"><i class='material-icons'>dashboard</i></a></li>
			<li class='waves-effect'><a href='#!' view='exception-view' onclick="configureView(2)"><i class='material-icons'>bug_report</i></a></li>
			<li class='waves-effect'><a href='#!' onclick="configureView(-1);chartsView('dashboard');" view='dashboard-view'><i class='material-icons'>track_changes</i></a></li>
		</ul>
		<!-- report name -->
		<span class='report-name'></span>
		<!-- report headline -->
		<span class='report-headline'></span>
		<!-- nav-right -->
		<ul id='nav-mobile' class='right hide-on-med-and-down nav-right'>
			<a href='#!'>
			<span class='label blue darken-3 suite-start-time'>Jul 13, 2024 07:09:54 PM</span>
			</a>
		</ul>
	</div>
</nav>		<!-- container -->
		<div class='container'>
<div id='test-view' class='view'>
	<section id='controls'>
		<div class='controls grey lighten-4'>
			<!-- test toggle -->
			<div class='chip transparent'>
				<a class='dropdown-button tests-toggle' data-activates='tests-toggle' data-constrainwidth='true' data-beloworigin='true' data-hover='true' href='#'>
				<i class='material-icons'>warning</i> Status
				</a>
				<ul id='tests-toggle' class='dropdown-content'>
										<li status='pass'><a href='#!'>Pass <i class='material-icons green-text'>check_circle</i></a></li>
					<li status='fail'><a href='#!'>Fail <i class='material-icons red-text'>cancel</i></a></li>
					<li class='divider'></li>
					<li status='clear' clear='true'><a href='#!'>Clear Filters <i class='material-icons'>clear</i></a></li>
				</ul>
			</div>
			<!-- test toggle -->
			<!-- category toggle -->
			<!-- category toggle -->
			<!-- clear filters -->
			<div class='chip transparent hide'>
				<a class='' id='clear-filters' alt='Clear Filters' title='Clear Filters'>
				<i class='material-icons'>close</i> Clear
				</a>
			</div>
			<!-- clear filters -->
			<!-- enable dashboard -->
			<div id='toggle-test-view-charts' class='chip transparent'>
				<a class='pink-text' id='enable-dashboard' alt='Enable Dashboard' title='Enable Dashboard'>
				<i class='material-icons'>track_changes</i> Dashboard
				</a>
			</div>
			<!-- enable dashboard -->
			<!-- search -->
			<div class='chip transparent' alt='Search Tests' title='Search Tests'>
				<a href="#" class='search-div'>
				<i class='material-icons'>search</i> Search
				</a>
				<div class='input-field left hide'>
					<input id='search-tests' type='text' class='validate browser-default' placeholder='Search Tests...'>
				</div>
			</div>
			<!-- search -->
		</div>
	</section>

<div id='test-view-charts' class='subview-full'>
    <div id='charts-row' class='row nm-v nm-h'>
        <div class='col s12 m4 l4 np-h'>
            <div class='card-panel nm-v'>
                <div class='left panel-name'>Features</div>
                <div class='chart-box' style="max-height:94px;">
                    <canvas id='parent-analysis' width='90' height='70'></canvas>
                </div>
                <div class='block text-small'>
                    <span class='tooltipped' data-position='top' data-tooltip='$50%'>
                    <span class='strong'>1</span> features passed</span>
                </div>
                <div class='block text-small'>
                    <span class='strong tooltipped' data-position='top' data-tooltip='50%'>
                    1</span> features failed, 
                    <span class='strong tooltipped' data-position='top' data-tooltip='0%'>
                    0</span> skipped
                </div>
            </div>
        </div>
        <div class='col s12 m4 l4 np-h'>
            <div class='card-panel nm-v'>
                <div class='left panel-name'>Scenarios</div>
                <div class='chart-box' style="max-height:94px;">
                    <canvas id='child-analysis' width='90' height='70'></canvas>
                </div>
                <div class='block text-small'>
                    <span class='tooltipped' data-position='top' data-tooltip='42%'>
                    <span class='strong'>3</span> scenarios passed</span>
                </div>
                <div class='block text-small'>
                    <span class='strong tooltipped' data-position='top' data-tooltip='57%'>
                    4</span> scenarios failed, 
                    <span class='strong tooltipped' data-position='top' data-tooltip='0%'>
                    0</span> skipped, 
                    <span class='strong tooltipped' data-position='top' data-tooltip='0%'>
                    0</span> others
                </div>
            </div>
        </div>
        <div class='col s12 m4 l4 np-h'>
            <div class='card-panel nm-v'>
                <div class='left panel-name'>Steps</div>
                <div class='chart-box' style="max-height:94px;">
                    <canvas id='grandchild-analysis' width='90' height='70'></canvas>
                </div>
                <div class='block text-small'>
                    <span class='tooltipped' data-position='top' data-tooltip='60%'>
                    <span class='strong'>30</span> steps passed</span>
                </div>
                <div class='block text-small'>
                    <span class='strong tooltipped' data-position='top' data-tooltip='8%'>
                    4</span> steps failed, 
                    <span class='strong tooltipped' data-position='top' data-tooltip='32%'>
                    16</span> skipped, 
                    <span class='strong tooltipped' data-position='top' data-tooltip='0%'>
                    0</span> others
                </div>
            </div>
        </div>
    </div>
    <div id="timeline-chart" class="row nm-v nm-h">
        <div class="col s12 m12 l12 np-h">
            <div class="card-panel">
                <div class='left panel-name'>Timeline (seconds)</div>
                <div class="chart-box" style="width:98%;max-height:145px;">
                    <canvas id="timeline" height="120"></canvas>
                </div>
            </div>
        </div>
    </div>
</div>	
	<div class='subview-left left'>
		<div class='view-summary'>
			<ul id='test-collection' class='test-collection'>
				<li class='test displayed active has-leaf pass' status='pass' bdd='true' test-id='1'>
					<div class='test-heading'>
						<span class='test-name'>Test cogmento Application</span>
						<span class='test-time'>Jul 13, 2024 07:09:57 PM</span>
						<span class='test-status right pass'>Pass</span>
					</div>
					<div class='test-content hide'>
<div class="sr-filters bdd-filters">
	<a class="btn-floating waves-effect waves-light pass green" title="pass"><i class='material-icons'>check_circle</i></a>
	<a class="btn-floating waves-effect waves-light fail red" title="fail"><i class='material-icons'>cancel</i></a>
	<a class="btn-floating waves-effect waves-light skip blue" title="skip"><i class='material-icons'>redo</i></a>
	<a class="btn-floating waves-effect waves-light clear grey" title="clear"><i class='material-icons'>clear</i></a>
</div>

<div class='scenario node' test-id='2' status='pass'>

	<span class='duration right label'>00 00 17.098</span>
	<div class="bdd-test">
		<div class="scenario-name"><span class='status pass' title='Pass'><i class='material-icons'>check_circle</i></span> Scenario: Test Login Functionality</div>
	</div>
	
	
	
	<ul class='steps'>
		<li test-id='3' class='node given Pass' status='Pass'>
			<div class="step-name" title="(StepDefinition.LoginPageTest.user_is_on_login_page_using_browser(java.lang.String))"><span class='status pass' title='Pass'><i class='material-icons'>check_circle</i></span>Given user is on login page using "chrome" browser</div>


		</li>
		<li test-id='4' class='node * Pass' status='Pass'>
			<div class="step-name" title="(AFTER_STEP)"><span class='status pass' title='Pass'><i class='material-icons'>check_circle</i></span>StepDefinition.LoginPageTest.extentScreenshots(io.cucumber.java.Scenario)</div>


					<div class="node-step">Test Login Functionality</div>
					<div class='screenshots'>
						<img width='80' height='40' onerror='this.style.display="none"' data-featherlight='../Screenshot/embedded1.png' src='../Screenshot/embedded1.png'>
					</div>
		</li>
		<li test-id='5' class='node when Pass' status='Pass'>
			<div class="step-name" title="(StepDefinition.LoginPageTest.user_entered_valid_username_and_password(io.cucumber.datatable.DataTable))"><span class='status pass' title='Pass'><i class='material-icons'>check_circle</i></span>When user entered valid username and password</div>


					<div class="node-step"><table class='markup-table table '><tr><td>prafulp1010@gmail.com</td><td>Pr@ful0812</td></tr></table></div>
		</li>
		<li test-id='6' class='node * Pass' status='Pass'>
			<div class="step-name" title="(AFTER_STEP)"><span class='status pass' title='Pass'><i class='material-icons'>check_circle</i></span>StepDefinition.LoginPageTest.extentScreenshots(io.cucumber.java.Scenario)</div>


					<div class="node-step">Test Login Functionality</div>
					<div class='screenshots'>
						<img width='80' height='40' onerror='this.style.display="none"' data-featherlight='../Screenshot/embedded2.png' src='../Screenshot/embedded2.png'>
					</div>
		</li>
		<li test-id='7' class='node and Pass' status='Pass'>
			<div class="step-name" title="(StepDefinition.LoginPageTest.user_should_click_on_login_button())"><span class='status pass' title='Pass'><i class='material-icons'>check_circle</i></span>And user should click on login button</div>


		</li>
		<li test-id='8' class='node * Pass' status='Pass'>
			<div class="step-name" title="(AFTER_STEP)"><span class='status pass' title='Pass'><i class='material-icons'>check_circle</i></span>StepDefinition.LoginPageTest.extentScreenshots(io.cucumber.java.Scenario)</div>


					<div class="node-step">Test Login Functionality</div>
					<div class='screenshots'>
						<img width='80' height='40' onerror='this.style.display="none"' data-featherlight='../Screenshot/embedded3.png' src='../Screenshot/embedded3.png'>
					</div>
		</li>
	</ul>
</div>
<div class='scenario node' test-id='9' status='pass'>

	<span class='duration right label'>00 00 03.024</span>
	<div class="bdd-test">
		<div class="scenario-name"><span class='status pass' title='Pass'><i class='material-icons'>check_circle</i></span> Scenario: Test HomePage Functionality</div>
	</div>
	
	
	
	<ul class='steps'>
		<li test-id='10' class='node given Pass' status='Pass'>
			<div class="step-name" title="(StepDefinition.LoginPageTest.user_is_on_homepage_and_validate_the_title_of_homepage())"><span class='status pass' title='Pass'><i class='material-icons'>check_circle</i></span>Given user is on homepage and validate the title of homepage</div>


		</li>
		<li test-id='11' class='node * Pass' status='Pass'>
			<div class="step-name" title="(AFTER_STEP)"><span class='status pass' title='Pass'><i class='material-icons'>check_circle</i></span>StepDefinition.LoginPageTest.extentScreenshots(io.cucumber.java.Scenario)</div>


					<div class="node-step">Test HomePage Functionality</div>
					<div class='screenshots'>
						<img width='80' height='40' onerror='this.style.display="none"' data-featherlight='../Screenshot/embedded4.png' src='../Screenshot/embedded4.png'>
					</div>
		</li>
		<li test-id='12' class='node and Pass' status='Pass'>
			<div class="step-name" title="(StepDefinition.LoginPageTest.validate_the_url_of_the_homepage())"><span class='status pass' title='Pass'><i class='material-icons'>check_circle</i></span>And Validate the url of the homepage</div>


		</li>
		<li test-id='13' class='node * Pass' status='Pass'>
			<div class="step-name" title="(AFTER_STEP)"><span class='status pass' title='Pass'><i class='material-icons'>check_circle</i></span>StepDefinition.LoginPageTest.extentScreenshots(io.cucumber.java.Scenario)</div>


					<div class="node-step">Test HomePage Functionality</div>
					<div class='screenshots'>
						<img width='80' height='40' onerror='this.style.display="none"' data-featherlight='../Screenshot/embedded5.png' src='../Screenshot/embedded5.png'>
					</div>
		</li>
		<li test-id='14' class='node and Pass' status='Pass'>
			<div class="step-name" title="(StepDefinition.LoginPageTest.valdate_the_logo_of_the_homepage())"><span class='status pass' title='Pass'><i class='material-icons'>check_circle</i></span>And valdate the logo of the homepage</div>


		</li>
		<li test-id='15' class='node * Pass' status='Pass'>
			<div class="step-name" title="(AFTER_STEP)"><span class='status pass' title='Pass'><i class='material-icons'>check_circle</i></span>StepDefinition.LoginPageTest.extentScreenshots(io.cucumber.java.Scenario)</div>


					<div class="node-step">Test HomePage Functionality</div>
					<div class='screenshots'>
						<img width='80' height='40' onerror='this.style.display="none"' data-featherlight='../Screenshot/embedded6.png' src='../Screenshot/embedded6.png'>
					</div>
		</li>
	</ul>
</div>
					</div>
				</li>
				<li class='test displayed active has-leaf fail' status='fail' bdd='true' test-id='16'>
					<div class='test-heading'>
						<span class='test-name'>Test Cogmento Contact Page Application</span>
						<span class='test-time'>Jul 13, 2024 07:10:17 PM</span>
						<span class='test-status right fail'>Fail</span>
					</div>
					<div class='test-content hide'>
<div class="sr-filters bdd-filters">
	<a class="btn-floating waves-effect waves-light pass green" title="pass"><i class='material-icons'>check_circle</i></a>
	<a class="btn-floating waves-effect waves-light fail red" title="fail"><i class='material-icons'>cancel</i></a>
	<a class="btn-floating waves-effect waves-light skip blue" title="skip"><i class='material-icons'>redo</i></a>
	<a class="btn-floating waves-effect waves-light clear grey" title="clear"><i class='material-icons'>clear</i></a>
</div>

<div class='scenario outline node' test-id='17' status='fail'>

	<span class='duration right label'>00 00 17.113</span>
	<div class="bdd-test">
		<div class="scenario-name"><span class='status fail' title='Fail'><i class='material-icons'>cancel</i></span> Scenario Outline: Validate contact page in cogmento application</div>
	</div>
	
		<div class='node-desc'><br><br><table class='markup-table table '><tr><td>SheetName</td><td>RowNumber</td></tr><tr><td>ContactsList</td><td>0</td></tr><tr><td>ContactsList</td><td>1</td></tr><tr><td>ContactsList</td><td>2</td></tr><tr><td>ContactsList</td><td>3</td></tr></table></div>
	
	
	<ul class='steps'>
		<li test-id='18' class='node scenario Pass' status='Pass'>
			<div class="step-name" title="()"><span class='status pass' title='Pass'><i class='material-icons'>check_circle</i></span>Validate contact page in cogmento application</div>


			<ul class='gc steps'>
				<li test-id='19' class='gc when Pass' status='Pass'>
					<h6 class="step-name" title="StepDefinition.ContactPageTest.user_is_on_home_page_and_click_on_contacts_tab()"><span class='status pass' title='Pass'><i class='material-icons'>check_circle</i></span>When user is on Home page and click on contacts tab</h6>

				</li>
				<li test-id='20' class='gc * Pass' status='Pass'>
					<h6 class="step-name" title="AFTER_STEP"><span class='status pass' title='Pass'><i class='material-icons'>check_circle</i></span>StepDefinition.LoginPageTest.extentScreenshots(io.cucumber.java.Scenario)</h6>

							<div class="node-step">Validate contact page in cogmento application</div>
							<div class='screenshots'>
								<img width='80' height='40' onerror='this.style.display="none"' data-featherlight='../Screenshot/embedded7.png' src='../Screenshot/embedded7.png'>
							</div>
				</li>
				<li test-id='21' class='gc when Pass' status='Pass'>
					<h6 class="step-name" title="StepDefinition.ContactPageTest.user_is_on_contacts_page_validate_the_url_contains(java.lang.String)"><span class='status pass' title='Pass'><i class='material-icons'>check_circle</i></span>When user is on Contacts Page,validate the url contains "contacts"</h6>

				</li>
				<li test-id='22' class='gc * Pass' status='Pass'>
					<h6 class="step-name" title="AFTER_STEP"><span class='status pass' title='Pass'><i class='material-icons'>check_circle</i></span>StepDefinition.LoginPageTest.extentScreenshots(io.cucumber.java.Scenario)</h6>

							<div class="node-step">Validate contact page in cogmento application</div>
							<div class='screenshots'>
								<img width='80' height='40' onerror='this.style.display="none"' data-featherlight='../Screenshot/embedded8.png' src='../Screenshot/embedded8.png'>
							</div>
				</li>
				<li test-id='23' class='gc and Pass' status='Pass'>
					<h6 class="step-name" title="StepDefinition.ContactPageTest.click_on_create_button()"><span class='status pass' title='Pass'><i class='material-icons'>check_circle</i></span>And click on create button</h6>

				</li>
				<li test-id='24' class='gc * Pass' status='Pass'>
					<h6 class="step-name" title="AFTER_STEP"><span class='status pass' title='Pass'><i class='material-icons'>check_circle</i></span>StepDefinition.LoginPageTest.extentScreenshots(io.cucumber.java.Scenario)</h6>

							<div class="node-step">Validate contact page in cogmento application</div>
							<div class='screenshots'>
								<img width='80' height='40' onerror='this.style.display="none"' data-featherlight='../Screenshot/embedded9.png' src='../Screenshot/embedded9.png'>
							</div>
				</li>
				<li test-id='25' class='gc and Pass' status='Pass'>
					<h6 class="step-name" title="StepDefinition.ContactPageTest.user_enter_contact_informaton_from_excel_sheet_and(java.lang.String,java.lang.Integer)"><span class='status pass' title='Pass'><i class='material-icons'>check_circle</i></span>And user enter contact informaton from excel sheet "ContactsList" and 0</h6>

				</li>
				<li test-id='26' class='gc * Pass' status='Pass'>
					<h6 class="step-name" title="AFTER_STEP"><span class='status pass' title='Pass'><i class='material-icons'>check_circle</i></span>StepDefinition.LoginPageTest.extentScreenshots(io.cucumber.java.Scenario)</h6>

							<div class="node-step">Validate contact page in cogmento application</div>
							<div class='screenshots'>
								<img width='80' height='40' onerror='this.style.display="none"' data-featherlight='../Screenshot/embedded10.png' src='../Screenshot/embedded10.png'>
							</div>
				</li>
				<li test-id='27' class='gc and Pass' status='Pass'>
					<h6 class="step-name" title="StepDefinition.ContactPageTest.click_on_save_button()"><span class='status pass' title='Pass'><i class='material-icons'>check_circle</i></span>And click on save button</h6>

				</li>
				<li test-id='28' class='gc * Pass' status='Pass'>
					<h6 class="step-name" title="AFTER_STEP"><span class='status pass' title='Pass'><i class='material-icons'>check_circle</i></span>StepDefinition.LoginPageTest.extentScreenshots(io.cucumber.java.Scenario)</h6>

							<div class="node-step">Validate contact page in cogmento application</div>
							<div class='screenshots'>
								<img width='80' height='40' onerror='this.style.display="none"' data-featherlight='../Screenshot/embedded11.png' src='../Screenshot/embedded11.png'>
							</div>
				</li>
				<li test-id='29' class='gc and Pass' status='Pass'>
					<h6 class="step-name" title="StepDefinition.ContactPageTest.user_will_delete_the_created_contact()"><span class='status pass' title='Pass'><i class='material-icons'>check_circle</i></span>And user will delete the created contact</h6>

				</li>
				<li test-id='30' class='gc * Pass' status='Pass'>
					<h6 class="step-name" title="AFTER_STEP"><span class='status pass' title='Pass'><i class='material-icons'>check_circle</i></span>StepDefinition.LoginPageTest.extentScreenshots(io.cucumber.java.Scenario)</h6>

							<div class="node-step">Validate contact page in cogmento application</div>
							<div class='screenshots'>
								<img width='80' height='40' onerror='this.style.display="none"' data-featherlight='../Screenshot/embedded12.png' src='../Screenshot/embedded12.png'>
							</div>
				</li>
			</ul>
		</li>
		<li test-id='31' class='node scenario Fail' status='Fail'>
			<div class="step-name" title="()"><span class='status fail' title='Fail'><i class='material-icons'>cancel</i></span>Validate contact page in cogmento application</div>


			<ul class='gc steps'>
				<li test-id='32' class='gc when Fail' status='Fail'>
					<h6 class="step-name" title="StepDefinition.ContactPageTest.user_is_on_home_page_and_click_on_contacts_tab()"><span class='status fail' title='Fail'><i class='material-icons'>cancel</i></span>When user is on Home page and click on contacts tab</h6>

							<textarea disabled class="code-block">org.openqa.selenium.ElementClickInterceptedException: element click intercepted: Element <span class="item-text">...</span> is not clickable at point (21, 158). Other element would receive the click: <div class="ui page modals dimmer transition visible active" style="display: flex !important;">...</div>
  (Session info: chrome=126.0.6478.127)
Build info: version: '4.16.1', revision: '9b4c83354e'
System info: os.name: 'Windows 10', os.arch: 'amd64', os.version: '10.0', java.version: '11.0.22'
Driver info: org.openqa.selenium.chrome.ChromeDriver
Command: [2e6fd40a8f98f017d54322142d6e1f4d, clickElement {id=f.19C66A455986A1808D0F4002E687FEA3.d.00593F7D45323CD16856B62CFB11DE05.e.42}]
Capabilities {acceptInsecureCerts: false, browserName: chrome, browserVersion: 126.0.6478.127, chrome: {chromedriverVersion: 126.0.6478.126 (d36ace6122e..., userDataDir: C:\Users\ADMIN\AppData\Loca...}, fedcm:accounts: true, goog:chromeOptions: {debuggerAddress: localhost:56709}, networkConnectionEnabled: false, pageLoadStrategy: normal, platformName: windows, proxy: Proxy(), se:cdp: ws://localhost:56709/devtoo..., se:cdpVersion: 126.0.6478.127, setWindowRect: true, strictFileInteractability: false, timeouts: {implicit: 0, pageLoad: 300000, script: 30000}, unhandledPromptBehavior: dismiss and notify, webauthn:extension:credBlob: true, webauthn:extension:largeBlob: true, webauthn:extension:minPinLength: true, webauthn:extension:prf: true, webauthn:virtualAuthenticators: true}
Element: [[ChromeDriver: chrome on windows (2e6fd40a8f98f017d54322142d6e1f4d)] -> xpath: //Span[text()='Contacts']]
Session ID: 2e6fd40a8f98f017d54322142d6e1f4d
	at java.base/jdk.internal.reflect.NativeConstructorAccessorImpl.newInstance0(Native Method)
	at java.base/jdk.internal.reflect.NativeConstructorAccessorImpl.newInstance(NativeConstructorAccessorImpl.java:62)
	at java.base/jdk.internal.reflect.DelegatingConstructorAccessorImpl.newInstance(DelegatingConstructorAccessorImpl.java:45)
	at java.base/java.lang.reflect.Constructor.newInstance(Constructor.java:490)
	at org.openqa.selenium.remote.codec.w3c.W3CHttpResponseCodec.createException(W3CHttpResponseCodec.java:200)
	at org.openqa.selenium.remote.codec.w3c.W3CHttpResponseCodec.decode(W3CHttpResponseCodec.java:133)
	at org.openqa.selenium.remote.codec.w3c.W3CHttpResponseCodec.decode(W3CHttpResponseCodec.java:52)
	at org.openqa.selenium.remote.HttpCommandExecutor.execute(HttpCommandExecutor.java:191)
	at org.openqa.selenium.remote.service.DriverCommandExecutor.invokeExecute(DriverCommandExecutor.java:200)
	at org.openqa.selenium.remote.service.DriverCommandExecutor.execute(DriverCommandExecutor.java:175)
	at org.openqa.selenium.remote.RemoteWebDriver.execute(RemoteWebDriver.java:523)
	at org.openqa.selenium.remote.RemoteWebElement.execute(RemoteWebElement.java:224)
	at org.openqa.selenium.remote.RemoteWebElement.click(RemoteWebElement.java:77)
	at java.base/jdk.internal.reflect.NativeMethodAccessorImpl.invoke0(Native Method)
	at java.base/jdk.internal.reflect.NativeMethodAccessorImpl.invoke(NativeMethodAccessorImpl.java:62)
	at java.base/jdk.internal.reflect.DelegatingMethodAccessorImpl.invoke(DelegatingMethodAccessorImpl.java:43)
	at java.base/java.lang.reflect.Method.invoke(Method.java:566)
	at org.openqa.selenium.support.pagefactory.internal.LocatingElementHandler.invoke(LocatingElementHandler.java:51)
	at com.sun.proxy.$Proxy20.click(Unknown Source)
	at UtilityLayer.WaitClass.click(WaitClass.java:18)
	at PageLayer.ContactPage.clickoncontactstab(ContactPage.java:61)
	at StepDefinition.ContactPageTest.user_is_on_home_page_and_click_on_contacts_tab(ContactPageTest.java:21)
	at ✽.user is on Home page and click on contacts tab(file:///C:/Users/ADMIN/eclipse-workspace/FinalBDDFramework/src/test/java/Feature/TC_002_ContactPage.feature:4)
</textarea>
				</li>
				<li test-id='33' class='gc * Pass' status='Pass'>
					<h6 class="step-name" title="AFTER_STEP"><span class='status pass' title='Pass'><i class='material-icons'>check_circle</i></span>StepDefinition.LoginPageTest.extentScreenshots(io.cucumber.java.Scenario)</h6>

							<div class="node-step">Validate contact page in cogmento application</div>
							<div class='screenshots'>
								<img width='80' height='40' onerror='this.style.display="none"' data-featherlight='../Screenshot/embedded13.png' src='../Screenshot/embedded13.png'>
							</div>
				</li>
				<li test-id='34' class='gc when Skip' status='Skip'>
					<h6 class="step-name" title="StepDefinition.ContactPageTest.user_is_on_contacts_page_validate_the_url_contains(java.lang.String)"><span class='status skip' title='Skip'><i class='material-icons'>redo</i></span>When user is on Contacts Page,validate the url contains "contacts"</h6>

							<div class="node-step">Step skipped</div>
				</li>
				<li test-id='36' class='gc and Skip' status='Skip'>
					<h6 class="step-name" title="StepDefinition.ContactPageTest.click_on_create_button()"><span class='status skip' title='Skip'><i class='material-icons'>redo</i></span>And click on create button</h6>

							<div class="node-step">Step skipped</div>
				</li>
				<li test-id='38' class='gc and Skip' status='Skip'>
					<h6 class="step-name" title="StepDefinition.ContactPageTest.user_enter_contact_informaton_from_excel_sheet_and(java.lang.String,java.lang.Integer)"><span class='status skip' title='Skip'><i class='material-icons'>redo</i></span>And user enter contact informaton from excel sheet "ContactsList" and 1</h6>

							<div class="node-step">Step skipped</div>
				</li>
				<li test-id='40' class='gc and Skip' status='Skip'>
					<h6 class="step-name" title="StepDefinition.ContactPageTest.click_on_save_button()"><span class='status skip' title='Skip'><i class='material-icons'>redo</i></span>And click on save button</h6>

							<div class="node-step">Step skipped</div>
				</li>
				<li test-id='42' class='gc and Skip' status='Skip'>
					<h6 class="step-name" title="StepDefinition.ContactPageTest.user_will_delete_the_created_contact()"><span class='status skip' title='Skip'><i class='material-icons'>redo</i></span>And user will delete the created contact</h6>

							<div class="node-step">Step skipped</div>
				</li>
			</ul>
		</li>
		<li test-id='44' class='node scenario Fail' status='Fail'>
			<div class="step-name" title="()"><span class='status fail' title='Fail'><i class='material-icons'>cancel</i></span>Validate contact page in cogmento application</div>


			<ul class='gc steps'>
				<li test-id='45' class='gc when Fail' status='Fail'>
					<h6 class="step-name" title="StepDefinition.ContactPageTest.user_is_on_home_page_and_click_on_contacts_tab()"><span class='status fail' title='Fail'><i class='material-icons'>cancel</i></span>When user is on Home page and click on contacts tab</h6>

							<textarea disabled class="code-block">org.openqa.selenium.ElementClickInterceptedException: element click intercepted: Element <span class="item-text">...</span> is not clickable at point (21, 158). Other element would receive the click: <div class="ui page modals dimmer transition visible active" style="display: flex !important;">...</div>
  (Session info: chrome=126.0.6478.127)
Build info: version: '4.16.1', revision: '9b4c83354e'
System info: os.name: 'Windows 10', os.arch: 'amd64', os.version: '10.0', java.version: '11.0.22'
Driver info: org.openqa.selenium.chrome.ChromeDriver
Command: [2e6fd40a8f98f017d54322142d6e1f4d, clickElement {id=f.19C66A455986A1808D0F4002E687FEA3.d.00593F7D45323CD16856B62CFB11DE05.e.42}]
Capabilities {acceptInsecureCerts: false, browserName: chrome, browserVersion: 126.0.6478.127, chrome: {chromedriverVersion: 126.0.6478.126 (d36ace6122e..., userDataDir: C:\Users\ADMIN\AppData\Loca...}, fedcm:accounts: true, goog:chromeOptions: {debuggerAddress: localhost:56709}, networkConnectionEnabled: false, pageLoadStrategy: normal, platformName: windows, proxy: Proxy(), se:cdp: ws://localhost:56709/devtoo..., se:cdpVersion: 126.0.6478.127, setWindowRect: true, strictFileInteractability: false, timeouts: {implicit: 0, pageLoad: 300000, script: 30000}, unhandledPromptBehavior: dismiss and notify, webauthn:extension:credBlob: true, webauthn:extension:largeBlob: true, webauthn:extension:minPinLength: true, webauthn:extension:prf: true, webauthn:virtualAuthenticators: true}
Element: [[ChromeDriver: chrome on windows (2e6fd40a8f98f017d54322142d6e1f4d)] -> xpath: //Span[text()='Contacts']]
Session ID: 2e6fd40a8f98f017d54322142d6e1f4d
	at java.base/jdk.internal.reflect.NativeConstructorAccessorImpl.newInstance0(Native Method)
	at java.base/jdk.internal.reflect.NativeConstructorAccessorImpl.newInstance(NativeConstructorAccessorImpl.java:62)
	at java.base/jdk.internal.reflect.DelegatingConstructorAccessorImpl.newInstance(DelegatingConstructorAccessorImpl.java:45)
	at java.base/java.lang.reflect.Constructor.newInstance(Constructor.java:490)
	at org.openqa.selenium.remote.codec.w3c.W3CHttpResponseCodec.createException(W3CHttpResponseCodec.java:200)
	at org.openqa.selenium.remote.codec.w3c.W3CHttpResponseCodec.decode(W3CHttpResponseCodec.java:133)
	at org.openqa.selenium.remote.codec.w3c.W3CHttpResponseCodec.decode(W3CHttpResponseCodec.java:52)
	at org.openqa.selenium.remote.HttpCommandExecutor.execute(HttpCommandExecutor.java:191)
	at org.openqa.selenium.remote.service.DriverCommandExecutor.invokeExecute(DriverCommandExecutor.java:200)
	at org.openqa.selenium.remote.service.DriverCommandExecutor.execute(DriverCommandExecutor.java:175)
	at org.openqa.selenium.remote.RemoteWebDriver.execute(RemoteWebDriver.java:523)
	at org.openqa.selenium.remote.RemoteWebElement.execute(RemoteWebElement.java:224)
	at org.openqa.selenium.remote.RemoteWebElement.click(RemoteWebElement.java:77)
	at java.base/jdk.internal.reflect.NativeMethodAccessorImpl.invoke0(Native Method)
	at java.base/jdk.internal.reflect.NativeMethodAccessorImpl.invoke(NativeMethodAccessorImpl.java:62)
	at java.base/jdk.internal.reflect.DelegatingMethodAccessorImpl.invoke(DelegatingMethodAccessorImpl.java:43)
	at java.base/java.lang.reflect.Method.invoke(Method.java:566)
	at org.openqa.selenium.support.pagefactory.internal.LocatingElementHandler.invoke(LocatingElementHandler.java:51)
	at com.sun.proxy.$Proxy20.click(Unknown Source)
	at UtilityLayer.WaitClass.click(WaitClass.java:18)
	at PageLayer.ContactPage.clickoncontactstab(ContactPage.java:61)
	at StepDefinition.ContactPageTest.user_is_on_home_page_and_click_on_contacts_tab(ContactPageTest.java:21)
	at ✽.user is on Home page and click on contacts tab(file:///C:/Users/ADMIN/eclipse-workspace/FinalBDDFramework/src/test/java/Feature/TC_002_ContactPage.feature:4)
</textarea>
				</li>
				<li test-id='46' class='gc * Pass' status='Pass'>
					<h6 class="step-name" title="AFTER_STEP"><span class='status pass' title='Pass'><i class='material-icons'>check_circle</i></span>StepDefinition.LoginPageTest.extentScreenshots(io.cucumber.java.Scenario)</h6>

							<div class="node-step">Validate contact page in cogmento application</div>
							<div class='screenshots'>
								<img width='80' height='40' onerror='this.style.display="none"' data-featherlight='../Screenshot/embedded14.png' src='../Screenshot/embedded14.png'>
							</div>
				</li>
				<li test-id='47' class='gc when Skip' status='Skip'>
					<h6 class="step-name" title="StepDefinition.ContactPageTest.user_is_on_contacts_page_validate_the_url_contains(java.lang.String)"><span class='status skip' title='Skip'><i class='material-icons'>redo</i></span>When user is on Contacts Page,validate the url contains "contacts"</h6>

							<div class="node-step">Step skipped</div>
				</li>
				<li test-id='49' class='gc and Skip' status='Skip'>
					<h6 class="step-name" title="StepDefinition.ContactPageTest.click_on_create_button()"><span class='status skip' title='Skip'><i class='material-icons'>redo</i></span>And click on create button</h6>

							<div class="node-step">Step skipped</div>
				</li>
				<li test-id='51' class='gc and Skip' status='Skip'>
					<h6 class="step-name" title="StepDefinition.ContactPageTest.user_enter_contact_informaton_from_excel_sheet_and(java.lang.String,java.lang.Integer)"><span class='status skip' title='Skip'><i class='material-icons'>redo</i></span>And user enter contact informaton from excel sheet "ContactsList" and 2</h6>

							<div class="node-step">Step skipped</div>
				</li>
				<li test-id='53' class='gc and Skip' status='Skip'>
					<h6 class="step-name" title="StepDefinition.ContactPageTest.click_on_save_button()"><span class='status skip' title='Skip'><i class='material-icons'>redo</i></span>And click on save button</h6>

							<div class="node-step">Step skipped</div>
				</li>
				<li test-id='55' class='gc and Skip' status='Skip'>
					<h6 class="step-name" title="StepDefinition.ContactPageTest.user_will_delete_the_created_contact()"><span class='status skip' title='Skip'><i class='material-icons'>redo</i></span>And user will delete the created contact</h6>

							<div class="node-step">Step skipped</div>
				</li>
			</ul>
		</li>
		<li test-id='57' class='node scenario Fail' status='Fail'>
			<div class="step-name" title="()"><span class='status fail' title='Fail'><i class='material-icons'>cancel</i></span>Validate contact page in cogmento application</div>


			<ul class='gc steps'>
				<li test-id='58' class='gc when Fail' status='Fail'>
					<h6 class="step-name" title="StepDefinition.ContactPageTest.user_is_on_home_page_and_click_on_contacts_tab()"><span class='status fail' title='Fail'><i class='material-icons'>cancel</i></span>When user is on Home page and click on contacts tab</h6>

							<textarea disabled class="code-block">org.openqa.selenium.ElementClickInterceptedException: element click intercepted: Element <span class="item-text">...</span> is not clickable at point (21, 158). Other element would receive the click: <div class="ui page modals dimmer transition visible active" style="display: flex !important;">...</div>
  (Session info: chrome=126.0.6478.127)
Build info: version: '4.16.1', revision: '9b4c83354e'
System info: os.name: 'Windows 10', os.arch: 'amd64', os.version: '10.0', java.version: '11.0.22'
Driver info: org.openqa.selenium.chrome.ChromeDriver
Command: [2e6fd40a8f98f017d54322142d6e1f4d, clickElement {id=f.19C66A455986A1808D0F4002E687FEA3.d.00593F7D45323CD16856B62CFB11DE05.e.42}]
Capabilities {acceptInsecureCerts: false, browserName: chrome, browserVersion: 126.0.6478.127, chrome: {chromedriverVersion: 126.0.6478.126 (d36ace6122e..., userDataDir: C:\Users\ADMIN\AppData\Loca...}, fedcm:accounts: true, goog:chromeOptions: {debuggerAddress: localhost:56709}, networkConnectionEnabled: false, pageLoadStrategy: normal, platformName: windows, proxy: Proxy(), se:cdp: ws://localhost:56709/devtoo..., se:cdpVersion: 126.0.6478.127, setWindowRect: true, strictFileInteractability: false, timeouts: {implicit: 0, pageLoad: 300000, script: 30000}, unhandledPromptBehavior: dismiss and notify, webauthn:extension:credBlob: true, webauthn:extension:largeBlob: true, webauthn:extension:minPinLength: true, webauthn:extension:prf: true, webauthn:virtualAuthenticators: true}
Element: [[ChromeDriver: chrome on windows (2e6fd40a8f98f017d54322142d6e1f4d)] -> xpath: //Span[text()='Contacts']]
Session ID: 2e6fd40a8f98f017d54322142d6e1f4d
	at java.base/jdk.internal.reflect.NativeConstructorAccessorImpl.newInstance0(Native Method)
	at java.base/jdk.internal.reflect.NativeConstructorAccessorImpl.newInstance(NativeConstructorAccessorImpl.java:62)
	at java.base/jdk.internal.reflect.DelegatingConstructorAccessorImpl.newInstance(DelegatingConstructorAccessorImpl.java:45)
	at java.base/java.lang.reflect.Constructor.newInstance(Constructor.java:490)
	at org.openqa.selenium.remote.codec.w3c.W3CHttpResponseCodec.createException(W3CHttpResponseCodec.java:200)
	at org.openqa.selenium.remote.codec.w3c.W3CHttpResponseCodec.decode(W3CHttpResponseCodec.java:133)
	at org.openqa.selenium.remote.codec.w3c.W3CHttpResponseCodec.decode(W3CHttpResponseCodec.java:52)
	at org.openqa.selenium.remote.HttpCommandExecutor.execute(HttpCommandExecutor.java:191)
	at org.openqa.selenium.remote.service.DriverCommandExecutor.invokeExecute(DriverCommandExecutor.java:200)
	at org.openqa.selenium.remote.service.DriverCommandExecutor.execute(DriverCommandExecutor.java:175)
	at org.openqa.selenium.remote.RemoteWebDriver.execute(RemoteWebDriver.java:523)
	at org.openqa.selenium.remote.RemoteWebElement.execute(RemoteWebElement.java:224)
	at org.openqa.selenium.remote.RemoteWebElement.click(RemoteWebElement.java:77)
	at java.base/jdk.internal.reflect.NativeMethodAccessorImpl.invoke0(Native Method)
	at java.base/jdk.internal.reflect.NativeMethodAccessorImpl.invoke(NativeMethodAccessorImpl.java:62)
	at java.base/jdk.internal.reflect.DelegatingMethodAccessorImpl.invoke(DelegatingMethodAccessorImpl.java:43)
	at java.base/java.lang.reflect.Method.invoke(Method.java:566)
	at org.openqa.selenium.support.pagefactory.internal.LocatingElementHandler.invoke(LocatingElementHandler.java:51)
	at com.sun.proxy.$Proxy20.click(Unknown Source)
	at UtilityLayer.WaitClass.click(WaitClass.java:18)
	at PageLayer.ContactPage.clickoncontactstab(ContactPage.java:61)
	at StepDefinition.ContactPageTest.user_is_on_home_page_and_click_on_contacts_tab(ContactPageTest.java:21)
	at ✽.user is on Home page and click on contacts tab(file:///C:/Users/ADMIN/eclipse-workspace/FinalBDDFramework/src/test/java/Feature/TC_002_ContactPage.feature:4)
</textarea>
				</li>
				<li test-id='59' class='gc * Pass' status='Pass'>
					<h6 class="step-name" title="AFTER_STEP"><span class='status pass' title='Pass'><i class='material-icons'>check_circle</i></span>StepDefinition.LoginPageTest.extentScreenshots(io.cucumber.java.Scenario)</h6>

							<div class="node-step">Validate contact page in cogmento application</div>
							<div class='screenshots'>
								<img width='80' height='40' onerror='this.style.display="none"' data-featherlight='../Screenshot/embedded15.png' src='../Screenshot/embedded15.png'>
							</div>
				</li>
				<li test-id='60' class='gc when Skip' status='Skip'>
					<h6 class="step-name" title="StepDefinition.ContactPageTest.user_is_on_contacts_page_validate_the_url_contains(java.lang.String)"><span class='status skip' title='Skip'><i class='material-icons'>redo</i></span>When user is on Contacts Page,validate the url contains "contacts"</h6>

							<div class="node-step">Step skipped</div>
				</li>
				<li test-id='62' class='gc and Skip' status='Skip'>
					<h6 class="step-name" title="StepDefinition.ContactPageTest.click_on_create_button()"><span class='status skip' title='Skip'><i class='material-icons'>redo</i></span>And click on create button</h6>

							<div class="node-step">Step skipped</div>
				</li>
				<li test-id='64' class='gc and Skip' status='Skip'>
					<h6 class="step-name" title="StepDefinition.ContactPageTest.user_enter_contact_informaton_from_excel_sheet_and(java.lang.String,java.lang.Integer)"><span class='status skip' title='Skip'><i class='material-icons'>redo</i></span>And user enter contact informaton from excel sheet "ContactsList" and 3</h6>

							<div class="node-step">Step skipped</div>
				</li>
				<li test-id='66' class='gc and Skip' status='Skip'>
					<h6 class="step-name" title="StepDefinition.ContactPageTest.click_on_save_button()"><span class='status skip' title='Skip'><i class='material-icons'>redo</i></span>And click on save button</h6>

							<div class="node-step">Step skipped</div>
				</li>
				<li test-id='68' class='gc and Skip' status='Skip'>
					<h6 class="step-name" title="StepDefinition.ContactPageTest.user_will_delete_the_created_contact()"><span class='status skip' title='Skip'><i class='material-icons'>redo</i></span>And user will delete the created contact</h6>

							<div class="node-step">Step skipped</div>
				</li>
			</ul>
		</li>
	</ul>
</div>
<div class='scenario node' test-id='70' status='fail'>

	<span class='duration right label'>00 00 31.304</span>
	<div class="bdd-test">
		<div class="scenario-name"><span class='status fail' title='Fail'><i class='material-icons'>cancel</i></span> Scenario: Validate Logout Functionality</div>
	</div>
	
	
	
	<ul class='steps'>
		<li test-id='71' class='node when Pass' status='Pass'>
			<div class="step-name" title="(StepDefinition.ContactPageTest.user_click_on_profile_icon())"><span class='status pass' title='Pass'><i class='material-icons'>check_circle</i></span>When user click on profile icon</div>


		</li>
		<li test-id='72' class='node * Pass' status='Pass'>
			<div class="step-name" title="(AFTER_STEP)"><span class='status pass' title='Pass'><i class='material-icons'>check_circle</i></span>StepDefinition.LoginPageTest.extentScreenshots(io.cucumber.java.Scenario)</div>


					<div class="node-step">Validate Logout Functionality</div>
					<div class='screenshots'>
						<img width='80' height='40' onerror='this.style.display="none"' data-featherlight='../Screenshot/embedded16.png' src='../Screenshot/embedded16.png'>
					</div>
		</li>
		<li test-id='73' class='node and Fail' status='Fail'>
			<div class="step-name" title="(StepDefinition.ContactPageTest.user_click_on_logout_option())"><span class='status fail' title='Fail'><i class='material-icons'>cancel</i></span>And user click on logout option</div>


					<textarea disabled class="code-block">org.openqa.selenium.TimeoutException: Expected condition failed: waiting for element to be clickable: [[ChromeDriver: chrome on windows (2e6fd40a8f98f017d54322142d6e1f4d)] -> xpath: //span[text()='Log Out']] (tried for 30 second(s) with 500 milliseconds interval)
Build info: version: '4.16.1', revision: '9b4c83354e'
System info: os.name: 'Windows 10', os.arch: 'amd64', os.version: '10.0', java.version: '11.0.22'
Driver info: org.openqa.selenium.chrome.ChromeDriver
Capabilities {acceptInsecureCerts: false, browserName: chrome, browserVersion: 126.0.6478.127, chrome: {chromedriverVersion: 126.0.6478.126 (d36ace6122e..., userDataDir: C:\Users\ADMIN\AppData\Loca...}, fedcm:accounts: true, goog:chromeOptions: {debuggerAddress: localhost:56709}, networkConnectionEnabled: false, pageLoadStrategy: normal, platformName: windows, proxy: Proxy(), se:cdp: ws://localhost:56709/devtoo..., se:cdpVersion: 126.0.6478.127, setWindowRect: true, strictFileInteractability: false, timeouts: {implicit: 0, pageLoad: 300000, script: 30000}, unhandledPromptBehavior: dismiss and notify, webauthn:extension:credBlob: true, webauthn:extension:largeBlob: true, webauthn:extension:minPinLength: true, webauthn:extension:prf: true, webauthn:virtualAuthenticators: true}
Session ID: 2e6fd40a8f98f017d54322142d6e1f4d
	at org.openqa.selenium.support.ui.WebDriverWait.timeoutException(WebDriverWait.java:84)
	at org.openqa.selenium.support.ui.FluentWait.until(FluentWait.java:229)
	at UtilityLayer.WaitClass.click(WaitClass.java:17)
	at PageLayer.ContactPage.clickonlogoutoption(ContactPage.java:96)
	at StepDefinition.ContactPageTest.user_click_on_logout_option(ContactPageTest.java:69)
	at ✽.user click on logout option(file:///C:/Users/ADMIN/eclipse-workspace/FinalBDDFramework/src/test/java/Feature/TC_002_ContactPage.feature:20)
</textarea>
		</li>
		<li test-id='74' class='node * Pass' status='Pass'>
			<div class="step-name" title="(AFTER_STEP)"><span class='status pass' title='Pass'><i class='material-icons'>check_circle</i></span>StepDefinition.LoginPageTest.extentScreenshots(io.cucumber.java.Scenario)</div>


					<div class="node-step">Validate Logout Functionality</div>
					<div class='screenshots'>
						<img width='80' height='40' onerror='this.style.display="none"' data-featherlight='../Screenshot/embedded17.png' src='../Screenshot/embedded17.png'>
					</div>
		</li>
		<li test-id='75' class='node and Skip' status='Skip'>
			<div class="step-name" title="(StepDefinition.ContactPageTest.user_close_the_session())"><span class='status skip' title='Skip'><i class='material-icons'>redo</i></span>And user close the session</div>


					<div class="node-step">Step skipped</div>
		</li>
	</ul>
</div>
					</div>
				</li>
			</ul>
		</div>
	</div>
	
	
	<!-- subview left -->
	<div class='subview-right left'>
		<div class='view-summary'>
			<div id='step-filters' class="right sr-filters">
				<a class="btn-floating waves-effect waves-light green" status="pass" alt="pass" title="pass"><i class="material-icons">check_circle</i></a>
				<a class="btn-floating waves-effect waves-light red" status="fail" alt="fail" title="fail"><i class="material-icons">cancel</i></a>
				<a class="btn-floating waves-effect waves-light red darken-4" status="fatal" alt="fatal" title="fatal"><i class="material-icons">cancel</i></a>
				<a class="btn-floating waves-effect waves-light pink text-lighten-1" status="error" alt="error" title="error"><i class="material-icons">error</i></a>
				<a class="btn-floating waves-effect waves-light orange" alt="warning" status="warning" title="warning"><i class="material-icons">warning</i></a>
				<a class="btn-floating waves-effect waves-light teal" status="skip" alt="skip" title="skip"><i class="material-icons">redo</i></a>
				<a class="btn-floating waves-effect waves-light grey" status="clear" alt="Clear filters" title="Clear filters"><i class="material-icons">clear</i></a>
			</div>
			<h5 class='test-name'></h5>
		</div>
	</div>
	<!-- subview right -->
</div>
<!-- test view --><div id='exception-view' class='view hide'>
	<section id='controls'>
		<div class='controls grey lighten-4'>
			<!-- search -->
			<div class='chip transparent' alt='Search Tests' title='Search Tests'>
				<a href="#" class='search-div'>
				<i class='material-icons'>search</i> Search
				</a>
				<div class='input-field left hide'>
					<input id='search-tests' type='text' class='validate browser-default' placeholder='Search Tests...'>
				</div>
			</div>
			<!-- search -->
		</div>
	</section>
	<div class='subview-left left'>
		<div class='view-summary'>
			<ul id='exception-collection' class='exception-collection'>
				<li class='exception displayed active'>
					<div class='exception-heading'>
						<span class='exception-name'>org.openqa.selenium.TimeoutException</span>
						<span class='exception-count right'><span class='label red lighten-1 white-text'>1</span></span>
					</div>
					<div class='exception-content hide'>
						<div class='exception-tests'>
							<table class='bordered table-results'>
								<thead>
									<tr>
										<th>Timestamp</th>
										<th>TestName</th>
										<th>StackTrace</th>
									</tr>
								</thead>
								<tbody>
									<tr>
										<td>Jul 13, 2024 07:10:35 PM</td>
										<td class='linked' test-id='73'>And user click on logout option</td>
										<td>
											<textarea disabled class="code-block">org.openqa.selenium.TimeoutException: Expected condition failed: waiting for element to be clickable: [[ChromeDriver: chrome on windows (2e6fd40a8f98f017d54322142d6e1f4d)] -> xpath: //span[text()='Log Out']] (tried for 30 second(s) with 500 milliseconds interval)
Build info: version: '4.16.1', revision: '9b4c83354e'
System info: os.name: 'Windows 10', os.arch: 'amd64', os.version: '10.0', java.version: '11.0.22'
Driver info: org.openqa.selenium.chrome.ChromeDriver
Capabilities {acceptInsecureCerts: false, browserName: chrome, browserVersion: 126.0.6478.127, chrome: {chromedriverVersion: 126.0.6478.126 (d36ace6122e..., userDataDir: C:\Users\ADMIN\AppData\Loca...}, fedcm:accounts: true, goog:chromeOptions: {debuggerAddress: localhost:56709}, networkConnectionEnabled: false, pageLoadStrategy: normal, platformName: windows, proxy: Proxy(), se:cdp: ws://localhost:56709/devtoo..., se:cdpVersion: 126.0.6478.127, setWindowRect: true, strictFileInteractability: false, timeouts: {implicit: 0, pageLoad: 300000, script: 30000}, unhandledPromptBehavior: dismiss and notify, webauthn:extension:credBlob: true, webauthn:extension:largeBlob: true, webauthn:extension:minPinLength: true, webauthn:extension:prf: true, webauthn:virtualAuthenticators: true}
Session ID: 2e6fd40a8f98f017d54322142d6e1f4d
	at org.openqa.selenium.support.ui.WebDriverWait.timeoutException(WebDriverWait.java:84)
	at org.openqa.selenium.support.ui.FluentWait.until(FluentWait.java:229)
	at UtilityLayer.WaitClass.click(WaitClass.java:17)
	at PageLayer.ContactPage.clickonlogoutoption(ContactPage.java:96)
	at StepDefinition.ContactPageTest.user_click_on_logout_option(ContactPageTest.java:69)
	at ✽.user click on logout option(file:///C:/Users/ADMIN/eclipse-workspace/FinalBDDFramework/src/test/java/Feature/TC_002_ContactPage.feature:20)
</textarea>
										</td>
									</tr>
								</tbody>
							</table>
						</div>
					</div>
				</li>
				<li class='exception displayed active'>
					<div class='exception-heading'>
						<span class='exception-name'>org.openqa.selenium.ElementClickInterceptedException</span>
						<span class='exception-count right'><span class='label red lighten-1 white-text'>3</span></span>
					</div>
					<div class='exception-content hide'>
						<div class='exception-tests'>
							<table class='bordered table-results'>
								<thead>
									<tr>
										<th>Timestamp</th>
										<th>TestName</th>
										<th>StackTrace</th>
									</tr>
								</thead>
								<tbody>
									<tr>
										<td>Jul 13, 2024 07:10:30 PM</td>
										<td class='linked' test-id='32'>When user is on Home page and click on contacts tab</td>
										<td>
											<textarea disabled class="code-block">org.openqa.selenium.ElementClickInterceptedException: element click intercepted: Element <span class="item-text">...</span> is not clickable at point (21, 158). Other element would receive the click: <div class="ui page modals dimmer transition visible active" style="display: flex !important;">...</div>
  (Session info: chrome=126.0.6478.127)
Build info: version: '4.16.1', revision: '9b4c83354e'
System info: os.name: 'Windows 10', os.arch: 'amd64', os.version: '10.0', java.version: '11.0.22'
Driver info: org.openqa.selenium.chrome.ChromeDriver
Command: [2e6fd40a8f98f017d54322142d6e1f4d, clickElement {id=f.19C66A455986A1808D0F4002E687FEA3.d.00593F7D45323CD16856B62CFB11DE05.e.42}]
Capabilities {acceptInsecureCerts: false, browserName: chrome, browserVersion: 126.0.6478.127, chrome: {chromedriverVersion: 126.0.6478.126 (d36ace6122e..., userDataDir: C:\Users\ADMIN\AppData\Loca...}, fedcm:accounts: true, goog:chromeOptions: {debuggerAddress: localhost:56709}, networkConnectionEnabled: false, pageLoadStrategy: normal, platformName: windows, proxy: Proxy(), se:cdp: ws://localhost:56709/devtoo..., se:cdpVersion: 126.0.6478.127, setWindowRect: true, strictFileInteractability: false, timeouts: {implicit: 0, pageLoad: 300000, script: 30000}, unhandledPromptBehavior: dismiss and notify, webauthn:extension:credBlob: true, webauthn:extension:largeBlob: true, webauthn:extension:minPinLength: true, webauthn:extension:prf: true, webauthn:virtualAuthenticators: true}
Element: [[ChromeDriver: chrome on windows (2e6fd40a8f98f017d54322142d6e1f4d)] -> xpath: //Span[text()='Contacts']]
Session ID: 2e6fd40a8f98f017d54322142d6e1f4d
	at java.base/jdk.internal.reflect.NativeConstructorAccessorImpl.newInstance0(Native Method)
	at java.base/jdk.internal.reflect.NativeConstructorAccessorImpl.newInstance(NativeConstructorAccessorImpl.java:62)
	at java.base/jdk.internal.reflect.DelegatingConstructorAccessorImpl.newInstance(DelegatingConstructorAccessorImpl.java:45)
	at java.base/java.lang.reflect.Constructor.newInstance(Constructor.java:490)
	at org.openqa.selenium.remote.codec.w3c.W3CHttpResponseCodec.createException(W3CHttpResponseCodec.java:200)
	at org.openqa.selenium.remote.codec.w3c.W3CHttpResponseCodec.decode(W3CHttpResponseCodec.java:133)
	at org.openqa.selenium.remote.codec.w3c.W3CHttpResponseCodec.decode(W3CHttpResponseCodec.java:52)
	at org.openqa.selenium.remote.HttpCommandExecutor.execute(HttpCommandExecutor.java:191)
	at org.openqa.selenium.remote.service.DriverCommandExecutor.invokeExecute(DriverCommandExecutor.java:200)
	at org.openqa.selenium.remote.service.DriverCommandExecutor.execute(DriverCommandExecutor.java:175)
	at org.openqa.selenium.remote.RemoteWebDriver.execute(RemoteWebDriver.java:523)
	at org.openqa.selenium.remote.RemoteWebElement.execute(RemoteWebElement.java:224)
	at org.openqa.selenium.remote.RemoteWebElement.click(RemoteWebElement.java:77)
	at java.base/jdk.internal.reflect.NativeMethodAccessorImpl.invoke0(Native Method)
	at java.base/jdk.internal.reflect.NativeMethodAccessorImpl.invoke(NativeMethodAccessorImpl.java:62)
	at java.base/jdk.internal.reflect.DelegatingMethodAccessorImpl.invoke(DelegatingMethodAccessorImpl.java:43)
	at java.base/java.lang.reflect.Method.invoke(Method.java:566)
	at org.openqa.selenium.support.pagefactory.internal.LocatingElementHandler.invoke(LocatingElementHandler.java:51)
	at com.sun.proxy.$Proxy20.click(Unknown Source)
	at UtilityLayer.WaitClass.click(WaitClass.java:18)
	at PageLayer.ContactPage.clickoncontactstab(ContactPage.java:61)
	at StepDefinition.ContactPageTest.user_is_on_home_page_and_click_on_contacts_tab(ContactPageTest.java:21)
	at ✽.user is on Home page and click on contacts tab(file:///C:/Users/ADMIN/eclipse-workspace/FinalBDDFramework/src/test/java/Feature/TC_002_ContactPage.feature:4)
</textarea>
										</td>
									</tr>
									<tr>
										<td>Jul 13, 2024 07:10:31 PM</td>
										<td class='linked' test-id='45'>When user is on Home page and click on contacts tab</td>
										<td>
											<textarea disabled class="code-block">org.openqa.selenium.ElementClickInterceptedException: element click intercepted: Element <span class="item-text">...</span> is not clickable at point (21, 158). Other element would receive the click: <div class="ui page modals dimmer transition visible active" style="display: flex !important;">...</div>
  (Session info: chrome=126.0.6478.127)
Build info: version: '4.16.1', revision: '9b4c83354e'
System info: os.name: 'Windows 10', os.arch: 'amd64', os.version: '10.0', java.version: '11.0.22'
Driver info: org.openqa.selenium.chrome.ChromeDriver
Command: [2e6fd40a8f98f017d54322142d6e1f4d, clickElement {id=f.19C66A455986A1808D0F4002E687FEA3.d.00593F7D45323CD16856B62CFB11DE05.e.42}]
Capabilities {acceptInsecureCerts: false, browserName: chrome, browserVersion: 126.0.6478.127, chrome: {chromedriverVersion: 126.0.6478.126 (d36ace6122e..., userDataDir: C:\Users\ADMIN\AppData\Loca...}, fedcm:accounts: true, goog:chromeOptions: {debuggerAddress: localhost:56709}, networkConnectionEnabled: false, pageLoadStrategy: normal, platformName: windows, proxy: Proxy(), se:cdp: ws://localhost:56709/devtoo..., se:cdpVersion: 126.0.6478.127, setWindowRect: true, strictFileInteractability: false, timeouts: {implicit: 0, pageLoad: 300000, script: 30000}, unhandledPromptBehavior: dismiss and notify, webauthn:extension:credBlob: true, webauthn:extension:largeBlob: true, webauthn:extension:minPinLength: true, webauthn:extension:prf: true, webauthn:virtualAuthenticators: true}
Element: [[ChromeDriver: chrome on windows (2e6fd40a8f98f017d54322142d6e1f4d)] -> xpath: //Span[text()='Contacts']]
Session ID: 2e6fd40a8f98f017d54322142d6e1f4d
	at java.base/jdk.internal.reflect.NativeConstructorAccessorImpl.newInstance0(Native Method)
	at java.base/jdk.internal.reflect.NativeConstructorAccessorImpl.newInstance(NativeConstructorAccessorImpl.java:62)
	at java.base/jdk.internal.reflect.DelegatingConstructorAccessorImpl.newInstance(DelegatingConstructorAccessorImpl.java:45)
	at java.base/java.lang.reflect.Constructor.newInstance(Constructor.java:490)
	at org.openqa.selenium.remote.codec.w3c.W3CHttpResponseCodec.createException(W3CHttpResponseCodec.java:200)
	at org.openqa.selenium.remote.codec.w3c.W3CHttpResponseCodec.decode(W3CHttpResponseCodec.java:133)
	at org.openqa.selenium.remote.codec.w3c.W3CHttpResponseCodec.decode(W3CHttpResponseCodec.java:52)
	at org.openqa.selenium.remote.HttpCommandExecutor.execute(HttpCommandExecutor.java:191)
	at org.openqa.selenium.remote.service.DriverCommandExecutor.invokeExecute(DriverCommandExecutor.java:200)
	at org.openqa.selenium.remote.service.DriverCommandExecutor.execute(DriverCommandExecutor.java:175)
	at org.openqa.selenium.remote.RemoteWebDriver.execute(RemoteWebDriver.java:523)
	at org.openqa.selenium.remote.RemoteWebElement.execute(RemoteWebElement.java:224)
	at org.openqa.selenium.remote.RemoteWebElement.click(RemoteWebElement.java:77)
	at java.base/jdk.internal.reflect.NativeMethodAccessorImpl.invoke0(Native Method)
	at java.base/jdk.internal.reflect.NativeMethodAccessorImpl.invoke(NativeMethodAccessorImpl.java:62)
	at java.base/jdk.internal.reflect.DelegatingMethodAccessorImpl.invoke(DelegatingMethodAccessorImpl.java:43)
	at java.base/java.lang.reflect.Method.invoke(Method.java:566)
	at org.openqa.selenium.support.pagefactory.internal.LocatingElementHandler.invoke(LocatingElementHandler.java:51)
	at com.sun.proxy.$Proxy20.click(Unknown Source)
	at UtilityLayer.WaitClass.click(WaitClass.java:18)
	at PageLayer.ContactPage.clickoncontactstab(ContactPage.java:61)
	at StepDefinition.ContactPageTest.user_is_on_home_page_and_click_on_contacts_tab(ContactPageTest.java:21)
	at ✽.user is on Home page and click on contacts tab(file:///C:/Users/ADMIN/eclipse-workspace/FinalBDDFramework/src/test/java/Feature/TC_002_ContactPage.feature:4)
</textarea>
										</td>
									</tr>
									<tr>
										<td>Jul 13, 2024 07:10:33 PM</td>
										<td class='linked' test-id='58'>When user is on Home page and click on contacts tab</td>
										<td>
											<textarea disabled class="code-block">org.openqa.selenium.ElementClickInterceptedException: element click intercepted: Element <span class="item-text">...</span> is not clickable at point (21, 158). Other element would receive the click: <div class="ui page modals dimmer transition visible active" style="display: flex !important;">...</div>
  (Session info: chrome=126.0.6478.127)
Build info: version: '4.16.1', revision: '9b4c83354e'
System info: os.name: 'Windows 10', os.arch: 'amd64', os.version: '10.0', java.version: '11.0.22'
Driver info: org.openqa.selenium.chrome.ChromeDriver
Command: [2e6fd40a8f98f017d54322142d6e1f4d, clickElement {id=f.19C66A455986A1808D0F4002E687FEA3.d.00593F7D45323CD16856B62CFB11DE05.e.42}]
Capabilities {acceptInsecureCerts: false, browserName: chrome, browserVersion: 126.0.6478.127, chrome: {chromedriverVersion: 126.0.6478.126 (d36ace6122e..., userDataDir: C:\Users\ADMIN\AppData\Loca...}, fedcm:accounts: true, goog:chromeOptions: {debuggerAddress: localhost:56709}, networkConnectionEnabled: false, pageLoadStrategy: normal, platformName: windows, proxy: Proxy(), se:cdp: ws://localhost:56709/devtoo..., se:cdpVersion: 126.0.6478.127, setWindowRect: true, strictFileInteractability: false, timeouts: {implicit: 0, pageLoad: 300000, script: 30000}, unhandledPromptBehavior: dismiss and notify, webauthn:extension:credBlob: true, webauthn:extension:largeBlob: true, webauthn:extension:minPinLength: true, webauthn:extension:prf: true, webauthn:virtualAuthenticators: true}
Element: [[ChromeDriver: chrome on windows (2e6fd40a8f98f017d54322142d6e1f4d)] -> xpath: //Span[text()='Contacts']]
Session ID: 2e6fd40a8f98f017d54322142d6e1f4d
	at java.base/jdk.internal.reflect.NativeConstructorAccessorImpl.newInstance0(Native Method)
	at java.base/jdk.internal.reflect.NativeConstructorAccessorImpl.newInstance(NativeConstructorAccessorImpl.java:62)
	at java.base/jdk.internal.reflect.DelegatingConstructorAccessorImpl.newInstance(DelegatingConstructorAccessorImpl.java:45)
	at java.base/java.lang.reflect.Constructor.newInstance(Constructor.java:490)
	at org.openqa.selenium.remote.codec.w3c.W3CHttpResponseCodec.createException(W3CHttpResponseCodec.java:200)
	at org.openqa.selenium.remote.codec.w3c.W3CHttpResponseCodec.decode(W3CHttpResponseCodec.java:133)
	at org.openqa.selenium.remote.codec.w3c.W3CHttpResponseCodec.decode(W3CHttpResponseCodec.java:52)
	at org.openqa.selenium.remote.HttpCommandExecutor.execute(HttpCommandExecutor.java:191)
	at org.openqa.selenium.remote.service.DriverCommandExecutor.invokeExecute(DriverCommandExecutor.java:200)
	at org.openqa.selenium.remote.service.DriverCommandExecutor.execute(DriverCommandExecutor.java:175)
	at org.openqa.selenium.remote.RemoteWebDriver.execute(RemoteWebDriver.java:523)
	at org.openqa.selenium.remote.RemoteWebElement.execute(RemoteWebElement.java:224)
	at org.openqa.selenium.remote.RemoteWebElement.click(RemoteWebElement.java:77)
	at java.base/jdk.internal.reflect.NativeMethodAccessorImpl.invoke0(Native Method)
	at java.base/jdk.internal.reflect.NativeMethodAccessorImpl.invoke(NativeMethodAccessorImpl.java:62)
	at java.base/jdk.internal.reflect.DelegatingMethodAccessorImpl.invoke(DelegatingMethodAccessorImpl.java:43)
	at java.base/java.lang.reflect.Method.invoke(Method.java:566)
	at org.openqa.selenium.support.pagefactory.internal.LocatingElementHandler.invoke(LocatingElementHandler.java:51)
	at com.sun.proxy.$Proxy20.click(Unknown Source)
	at UtilityLayer.WaitClass.click(WaitClass.java:18)
	at PageLayer.ContactPage.clickoncontactstab(ContactPage.java:61)
	at StepDefinition.ContactPageTest.user_is_on_home_page_and_click_on_contacts_tab(ContactPageTest.java:21)
	at ✽.user is on Home page and click on contacts tab(file:///C:/Users/ADMIN/eclipse-workspace/FinalBDDFramework/src/test/java/Feature/TC_002_ContactPage.feature:4)
</textarea>
										</td>
									</tr>
								</tbody>
							</table>
						</div>
					</div>
				</li>
			</ul>
		</div>
	</div>
	<div class='subview-right left'>
		<div class='view-summary'>
			<h5 class='exception-name'></h5>
		</div>
	</div>
</div>
<!-- exception view --><div id='dashboard-view' class='view hide'>
	<div class='card-panel transparent np-v'>
		<h5>Dashboard</h5>

		<div class='row'>
			<div class='col s2'>
				<div class='card-panel r'>
					Features
					<div class='panel-lead'>2</div>
				</div>
			</div>
			<div class='col s2'>
				<div class='card-panel r'>
					Scenarios
					<div class='panel-lead'>7</div>
				</div>
			</div>
			<div class='col s2'>
				<div class='card-panel r'>
					Steps
					<div class='panel-lead'>50</div>
				</div>
			</div>
			<div class='col s2'>
				<div class='card-panel r'>
					Start
					<div class='panel-lead'>Jul 13, 2024 07:09:54 PM</div>
				</div>
			</div>
			<div class='col s2'>
				<div class='card-panel r'>
			 		End
			 		<div class='panel-lead'>Jul 13, 2024 07:11:05 PM</div>
				</div>
			</div>
			<div class='col s2'>
				<div class='card-panel r'>
					Time Taken
					<div class='panel-lead'>00 01 11.485</div>
				</div>
			</div>
			<div class='col s4'>
				<div class='card-panel dashboard-environment'>
					<span class='right label cyan white-text'>Environment</span><p>&nbsp;</p>
					
					<table>
						<tr>
							<th>Name</th>
							<th>Value</th>
						</tr>
							<tr>
								<td>AppName</td>
								<td>Cogmento</td>
							</tr>
							<tr>
								<td>user</td>
								<td>Pallavi Jadhav</td>
							</tr>
							<tr>
								<td>build</td>
								<td>release/CL700-852</td>
							</tr>
					</table>
				</div>
			</div>
		</div>
	</div>
</div>
<!-- dashboard view -->
		</div>
		<!-- container -->
		<script>
			var statusGroup = {
                parentCount: 2,
				passParent: 1,
				failParent: 1,
				fatalParent: 0,
				errorParent: 0,
				warningParent: 0,
				skipParent: 0,
				childCount: 7,
				passChild: 3,
				failChild: 4,
				fatalChild: 0,
				errorChild: 0,
				warningChild: 0,
				skipChild: 0,
				infoChild: 0,
				grandChildCount: 50,
				passGrandChild: 30,
				failGrandChild: 4,
				fatalGrandChild: 0,
				errorGrandChild: 0,
				warningGrandChild: 0,
				skipGrandChild: 16,
				infoGrandChild: 0,
			};
			</script>
		
		<script>
			var timeline = {
			        "Test cogmento Application":20.173,"Test Cogmento Contact Page Application":48.427
			};
		</script>
		
		  <script src='http://cdn.jsdelivr.net/gh/extent-framework/extent-github-cdn@ff53917fbbdb5ef820abbbe4d199a6942dc771ff/v3html/js/extent.js' type='text/javascript'></script>
		
		
		<script type='text/javascript'>
				
		</script> 

	</body>
</html>